<?xml version="1.0" encoding="UTF-8"?>
<!-- Generated by org.testng.reporters.JUnitReportReporter -->
<testsuite hostname="DESKTOP-FODCQ2C" failures="0" tests="1" name="com.crm9woodDevBallistixcem.VerifyNonMandatoryFieldsInEditPageTest" time="197.342" errors="0" timestamp="2023-04-11T16:08:13 IST" skipped="0">
  <testcase classname="com.crm9woodDevBallistixcem.VerifyNonMandatoryFieldsInEditPageTest" name="VerifyElements" time="197.342"/>
  <system-out/>
</testsuite> <!-- com.crm9woodDevBallistixcem.VerifyNonMandatoryFieldsInEditPageTest -->
