<?xml version="1.0" encoding="UTF-8"?>
<!-- Generated by org.testng.reporters.JUnitReportReporter -->
<testsuite hostname="DESKTOP-FODCQ2C" failures="0" tests="1" name="com.crm9woodDevBallistixcem.RunnerClass" time="25.748" errors="0" timestamp="2023-02-10T17:35:21 IST" skipped="0">
  <testcase classname="com.crm9woodDevBallistixcem.RunnerClass" name="main" time="25.748"/>
  <system-out/>
</testsuite> <!-- com.crm9woodDevBallistixcem.RunnerClass -->
