<?xml version="1.0" encoding="UTF-8"?>
<!-- Generated by org.testng.reporters.JUnitReportReporter -->
<testsuite hostname="DESKTOP-FODCQ2C" failures="0" tests="1" name="com.crm9woodDevBallistixcem.VerifyElementsTest" time="40.772" errors="0" timestamp="2023-02-23T18:47:20 IST" skipped="0">
  <testcase classname="com.crm9woodDevBallistixcem.VerifyElementsTest" name="VerifyElements" time="40.772"/>
  <system-out/>
</testsuite> <!-- com.crm9woodDevBallistixcem.VerifyElementsTest -->
