<?xml version="1.0" encoding="UTF-8"?>
<!-- Generated by org.testng.reporters.JUnitReportReporter -->
<testsuite hostname="DESKTOP-FODCQ2C" failures="0" tests="1" name="com.crm9woodDevBallistixcem.Pra" time="77.679" errors="0" timestamp="2023-02-10T12:59:50 IST" skipped="0">
  <testcase classname="com.crm9woodDevBallistixcem.Pra" name="main" time="77.679"/>
  <system-out/>
</testsuite> <!-- com.crm9woodDevBallistixcem.Pra -->
