<?xml version="1.0" encoding="UTF-8"?>
<!-- Generated by org.testng.reporters.JUnitReportReporter -->
<testsuite hostname="DESKTOP-FODCQ2C" failures="0" tests="1" name="com.crm9woodDevBallistixcem.AddDepedendentDataTest" time="3590.243" errors="0" timestamp="2023-05-08T18:43:57 IST" skipped="0">
  <testcase classname="com.crm9woodDevBallistixcem.AddDepedendentDataTest" name="addDepedendentDataTest" time="3590.243"/>
  <system-out/>
</testsuite> <!-- com.crm9woodDevBallistixcem.AddDepedendentDataTest -->
